# JRE version: Java(TM) SE Runtime Environment (8.0_191-b12) (build 1.8.0_191-b12)
# Java VM: Java HotSpot(TM) 64-Bit Server VM (25.191-b12 mixed mode windows-amd64 compressed oops)
Heap:
 PSYoungGen      total 120320K, used 30754K [0x00000000f5580000, 0x00000000ff380000, 0x0000000100000000)
  eden space 84992K, 25% used [0x00000000f5580000,0x00000000f6b0c880,0x00000000fa880000)
  from space 35328K, 24% used [0x00000000fd100000,0x00000000fd97c060,0x00000000ff380000)
  to   space 38400K, 0% used [0x00000000fa880000,0x00000000fa880000,0x00000000fce00000)
 ParOldGen       total 175104K, used 83147K [0x00000000e0000000, 0x00000000eab00000, 0x00000000f5580000)
  object space 175104K, 47% used [0x00000000e0000000,0x00000000e5132ce8,0x00000000eab00000)
 Metaspace       used 62561K, capacity 67596K, committed 67840K, reserved 1107968K
  class space    used 8510K, capacity 9714K, committed 9728K, reserved 1048576K
GC Heap History (10 events):
Event: 8.846 GC heap before
{Heap before GC invocations=25 (full 3):
 PSYoungGen      total 63488K, used 63392K [0x00000000f5580000, 0x00000000ff880000, 0x0000000100000000)
  eden space 61440K, 100% used [0x00000000f5580000,0x00000000f9180000,0x00000000f9180000)
  from space 2048K, 95% used [0x00000000f9180000,0x00000000f9368000,0x00000000f9380000)
  to   space 51712K, 0% used [0x00000000fc600000,0x00000000fc600000,0x00000000ff880000)
 ParOldGen       total 175104K, used 56264K [0x00000000e0000000, 0x00000000eab00000, 0x00000000f5580000)
  object space 175104K, 32% used [0x00000000e0000000,0x00000000e36f2118,0x00000000eab00000)
 Metaspace       used 54841K, capacity 59366K, committed 59648K, reserved 1099776K
  class space    used 7571K, capacity 8674K, committed 8704K, reserved 1048576K
Event: 8.850 GC heap after
Heap after GC invocations=25 (full 3):
 PSYoungGen      total 117760K, used 4608K [0x00000000f5580000, 0x00000000ffe80000, 0x0000000100000000)
  eden space 66048K, 0% used [0x00000000f5580000,0x00000000f5580000,0x00000000f9600000)
  from space 51712K, 8% used [0x00000000fc600000,0x00000000fca80000,0x00000000ff880000)
  to   space 49152K, 0% used [0x00000000f9600000,0x00000000f9600000,0x00000000fc600000)
 ParOldGen       total 175104K, used 57624K [0x00000000e0000000, 0x00000000eab00000, 0x00000000f5580000)
  object space 175104K, 32% used [0x00000000e0000000,0x00000000e3846118,0x00000000eab00000)
 Metaspace       used 54841K, capacity 59366K, committed 59648K, reserved 1099776K
  class space    used 7571K, capacity 8674K, committed 8704K, reserved 1048576K
}
Event: 9.308 GC heap before
{Heap before GC invocations=26 (full 3):
 PSYoungGen      total 117760K, used 70656K [0x00000000f5580000, 0x00000000ffe80000, 0x0000000100000000)
  eden space 66048K, 100% used [0x00000000f5580000,0x00000000f9600000,0x00000000f9600000)
  from space 51712K, 8% used [0x00000000fc600000,0x00000000fca80000,0x00000000ff880000)
  to   space 49152K, 0% used [0x00000000f9600000,0x00000000f9600000,0x00000000fc600000)
 ParOldGen       total 175104K, used 57624K [0x00000000e0000000, 0x00000000eab00000, 0x00000000f5580000)
  object space 175104K, 32% used [0x00000000e0000000,0x00000000e3846118,0x00000000eab00000)
 Metaspace       used 59127K, capacity 63766K, committed 63872K, reserved 1103872K
  class space    used 8157K, capacity 9251K, committed 9344K, reserved 1048576K
Event: 9.314 GC heap after
Heap after GC invocations=26 (full 3):
 PSYoungGen      total 115200K, used 11284K [0x00000000f5580000, 0x00000000ff680000, 0x0000000100000000)
  eden space 66048K, 0% used [0x00000000f5580000,0x00000000f5580000,0x00000000f9600000)
  from space 49152K, 22% used [0x00000000f9600000,0x00000000fa105140,0x00000000fc600000)
  to   space 45568K, 0% used [0x00000000fca00000,0x00000000fca00000,0x00000000ff680000)
 ParOldGen       total 175104K, used 61944K [0x00000000e0000000, 0x00000000eab00000, 0x00000000f5580000)
  object space 175104K, 35% used [0x00000000e0000000,0x00000000e3c7e158,0x00000000eab00000)
 Metaspace       used 59127K, capacity 63766K, committed 63872K, reserved 1103872K
  class space    used 8157K, capacity 9251K, committed 9344K, reserved 1048576K
}
Event: 9.700 GC heap before
{Heap before GC invocations=27 (full 3):
 PSYoungGen      total 115200K, used 77332K [0x00000000f5580000, 0x00000000ff680000, 0x0000000100000000)
  eden space 66048K, 100% used [0x00000000f5580000,0x00000000f9600000,0x00000000f9600000)
  from space 49152K, 22% used [0x00000000f9600000,0x00000000fa105140,0x00000000fc600000)
  to   space 45568K, 0% used [0x00000000fca00000,0x00000000fca00000,0x00000000ff680000)
 ParOldGen       total 175104K, used 61944K [0x00000000e0000000, 0x00000000eab00000, 0x00000000f5580000)
  object space 175104K, 35% used [0x00000000e0000000,0x00000000e3c7e158,0x00000000eab00000)
 Metaspace       used 61124K, capacity 65816K, committed 65920K, reserved 1105920K
  class space    used 8367K, capacity 9510K, committed 9600K, reserved 1048576K
Event: 9.714 GC heap after
Heap after GC invocations=27 (full 3):
 PSYoungGen      total 121344K, used 14475K [0x00000000f5580000, 0x00000000ff880000, 0x0000000100000000)
  eden space 75776K, 0% used [0x00000000f5580000,0x00000000f5580000,0x00000000f9f80000)
  from space 45568K, 31% used [0x00000000fca00000,0x00000000fd822c88,0x00000000ff680000)
  to   space 43520K, 0% used [0x00000000f9f80000,0x00000000f9f80000,0x00000000fca00000)
 ParOldGen       total 175104K, used 70810K [0x00000000e0000000, 0x00000000eab00000, 0x00000000f5580000)
  object space 175104K, 40% used [0x00000000e0000000,0x00000000e4526920,0x00000000eab00000)
 Metaspace       used 61124K, capacity 65816K, committed 65920K, reserved 1105920K
  class space    used 8367K, capacity 9510K, committed 9600K, reserved 1048576K
}
Event: 13.778 GC heap before
{Heap before GC invocations=28 (full 3):
 PSYoungGen      total 121344K, used 90251K [0x00000000f5580000, 0x00000000ff880000, 0x0000000100000000)
  eden space 75776K, 100% used [0x00000000f5580000,0x00000000f9f80000,0x00000000f9f80000)
  from space 45568K, 31% used [0x00000000fca00000,0x00000000fd822c88,0x00000000ff680000)
  to   space 43520K, 0% used [0x00000000f9f80000,0x00000000f9f80000,0x00000000fca00000)
 ParOldGen       total 175104K, used 70810K [0x00000000e0000000, 0x00000000eab00000, 0x00000000f5580000)
  object space 175104K, 40% used [0x00000000e0000000,0x00000000e4526920,0x00000000eab00000)
 Metaspace       used 62131K, capacity 67130K, committed 67328K, reserved 1107968K
  class space    used 8487K, capacity 9681K, committed 9728K, reserved 1048576K
Event: 13.787 GC heap after
Heap after GC invocations=28 (full 3):
 PSYoungGen      total 119296K, used 5672K [0x00000000f5580000, 0x00000000ff900000, 0x0000000100000000)
  eden space 75776K, 0% used [0x00000000f5580000,0x00000000f5580000,0x00000000f9f80000)
  from space 43520K, 13% used [0x00000000f9f80000,0x00000000fa50a0e8,0x00000000fca00000)
  to   space 40960K, 0% used [0x00000000fd100000,0x00000000fd100000,0x00000000ff900000)
 ParOldGen       total 175104K, used 83139K [0x00000000e0000000, 0x00000000eab00000, 0x00000000f5580000)
  object space 175104K, 47% used [0x00000000e0000000,0x00000000e5130ce8,0x00000000eab00000)
 Metaspace       used 62131K, capacity 67130K, committed 67328K, reserved 1107968K
  class space    used 8487K, capacity 9681K, committed 9728K, reserved 1048576K
}
Event: 19.700 GC heap before
{Heap before GC invocations=29 (full 3):
 PSYoungGen      total 119296K, used 81448K [0x00000000f5580000, 0x00000000ff900000, 0x0000000100000000)
  eden space 75776K, 100% used [0x00000000f5580000,0x00000000f9f80000,0x00000000f9f80000)
  from space 43520K, 13% used [0x00000000f9f80000,0x00000000fa50a0e8,0x00000000fca00000)
  to   space 40960K, 0% used [0x00000000fd100000,0x00000000fd100000,0x00000000ff900000)
 ParOldGen       total 175104K, used 83139K [0x00000000e0000000, 0x00000000eab00000, 0x00000000f5580000)
  object space 175104K, 47% used [0x00000000e0000000,0x00000000e5130ce8,0x00000000eab00000)
 Metaspace       used 62553K, capacity 67596K, committed 67840K, reserved 1107968K
  class space    used 8510K, capacity 9714K, committed 9728K, reserved 1048576K
Event: 19.711 GC heap after
Heap after GC invocations=29 (full 3):
 PSYoungGen      total 120320K, used 8688K [0x00000000f5580000, 0x00000000ff380000, 0x0000000100000000)
  eden space 84992K, 0% used [0x00000000f5580000,0x00000000f5580000,0x00000000fa880000)
  from space 35328K, 24% used [0x00000000fd100000,0x00000000fd97c060,0x00000000ff380000)
  to   space 38400K, 0% used [0x00000000fa880000,0x00000000fa880000,0x00000000fce00000)
 ParOldGen       total 175104K, used 83147K [0x00000000e0000000, 0x00000000eab00000, 0x00000000f5580000)
  object space 175104K, 47% used [0x00000000e0000000,0x00000000e5132ce8,0x00000000eab00000)
 Metaspace       used 62553K, capacity 67596K, committed 67840K, reserved 1107968K
  class space    used 8510K, capacity 9714K, committed 9728K, reserved 1048576K
}

